Using pre-set license
Built from '2020.3/staging' branch; Version is '2020.3.20f1 (41c4e627c95f) revision 4310246'; Using compiler version '192528614'; Build Type 'Release'
OS: 'Windows 10 Pro; OS build 18363.1139; Version 1909; 64bit' Language: 'en' Physical Memory: 8080 MB
BatchMode: 1, IsHumanControllingUs: 0, StartBugReporterOnCrash: 0, Is64bit: 1, IsPro: 0

COMMAND LINE ARGUMENTS:
F:\Unity\Unity 2021.2.0b5\2020.3.20f1\Editor\Unity.exe
-adb2
-batchMode
-noUpm
-name
AssetImportWorker5
-projectPath
D:/MoustafaMahmoud/BlueZone/LastMall
-logFile
Logs/AssetImportWorker5.log
-srvPort
49965
Successfully changed project path to: D:/MoustafaMahmoud/BlueZone/LastMall
D:/MoustafaMahmoud/BlueZone/LastMall
Using Asset Import Pipeline V2.
