Using pre-set license
Built from '2020.3/staging' branch; Version is '2020.3.20f1 (41c4e627c95f) revision 4310246'; Using compiler version '192528614'; Build Type 'Release'
OS: 'Windows 10 Pro; OS build 19042.1466; Version 2009; 64bit' Language: 'en' Physical Memory: 7632 MB
BatchMode: 1, IsHumanControllingUs: 0, StartBugReporterOnCrash: 0, Is64bit: 1, IsPro: 0

COMMAND LINE ARGUMENTS:
F:\Unity\2020.3.20f1\Editor\Unity.exe
-adb2
-batchMode
-noUpm
-name
AssetImportWorker0
-projectPath
E:/MoustafaMahmoud/BlueZone/LastMall/MallLastEddition
-logFile
Logs/AssetImportWorker0.log
-srvPort
50912
Successfully changed project path to: E:/MoustafaMahmoud/BlueZone/LastMall/MallLastEddition
E:/MoustafaMahmoud/BlueZone/LastMall/MallLastEddition
Using Asset Import Pipeline V2.
Assets/Scenes/MallParts/Fruntiture/24-12-2021/Fruniture/Home Entertainment Center 3D Model/2716_open3dmodel/Centro de entretenimiento/Centro de entretenimiento.c4d: Unity no longer supports importing Cinema 4D files directly, but we're working with Maxon to make the experience better. To import Cinema 4D files, install Maxon's external importer. You can find more information on the Unity Forum: https://on.unity.com/c4d.

Please note that FBX files exported from Cinema4D are still supported.
Assets/Scenes/MallParts/Fruntiture/24-12-2021/hnflhbfx1wxs-tiretree/tire tree - копия/tire tree.c4d: Unity no longer supports importing Cinema 4D files directly, but we're working with Maxon to make the experience better. To import Cinema 4D files, install Maxon's external importer. You can find more information on the Unity Forum: https://on.unity.com/c4d.

Please note that FBX files exported from Cinema4D are still supported.
Assets/Scenes/MallParts/Fruntiture/28-polyester-masa-lambas/Polyester Masa Lambası-Free3D.c4d: Unity no longer supports importing Cinema 4D files directly, but we're working with Maxon to make the experience better. To import Cinema 4D files, install Maxon's external importer. You can find more information on the Unity Forum: https://on.unity.com/c4d.

Please note that FBX files exported from Cinema4D are still supported.
Assets/Scenes/MallParts/Fruntiture/24-12-2021/Watches/l6fdzqguketc-Handwatch/Handwatch.c4d: Unity no longer supports importing Cinema 4D files directly, but we're working with Maxon to make the experience better. To import Cinema 4D files, install Maxon's external importer. You can find more information on the Unity Forum: https://on.unity.com/c4d.

Please note that FBX files exported from Cinema4D are still supported.
Assets/Scenes/MallParts/Fruntiture/24-12-2021/Fruniture/Working Desk 3D Model/2725_open3dmodel/Desk.c4d: Unity no longer supports importing Cinema 4D files directly, but we're working with Maxon to make the experience better. To import Cinema 4D files, install Maxon's external importer. You can find more information on the Unity Forum: https://on.unity.com/c4d.

Please note that FBX files exported from Cinema4D are still supported.
Assets/Scenes/MallParts/Fruntiture/clothes/uploads_files_3012499_Nike_retro_Export/Nike retro_Export.c4d: Unity no longer supports importing Cinema 4D files directly, but we're working with Maxon to make the experience better. To import Cinema 4D files, install Maxon's external importer. You can find more information on the Unity Forum: https://on.unity.com/c4d.

Please note that FBX files exported from Cinema4D are still supported.
Assets/Scenes/MallParts/Fruntiture/24-12-2021/8mtejz264cjk-Tyre/Tyre/Шина.c4d: Unity no longer supports importing Cinema 4D files directly, but we're working with Maxon to make the experience better. To import Cinema 4D files, install Maxon's external importer. You can find more information on the Unity Forum: https://on.unity.com/c4d.

Please note that FBX files exported from Cinema4D are still supported.
Refreshing native plugins compatible for Editor in 277.51 ms, found 2 plugins.
Preloading 0 native plugins for Editor in 0.00 ms.
Initialize engine version: 2020.3.20f1 (41c4e627c95f)
[Subsystems] Discovering subsystems at path F:/Unity/2020.3.20f1/Editor/Data/Resources/UnitySubsystems
[Subsystems] Discovering subsystems at path E:/MoustafaMahmoud/BlueZone/LastMall/MallLastEddition/Assets
GfxDevice: creating device client; threaded=0
Direct3D:
    Version:  Direct3D 11.0 [level 10.1]
    Renderer: Intel(R) HD Graphics (ID=0x102)
    Vendor:   
    VRAM:     512 MB
    Driver:   9.17.10.4459
Initialize mono
Mono path[0] = 'F:/Unity/2020.3.20f1/Editor/Data/Managed'
Mono path[1] = 'F:/Unity/2020.3.20f1/Editor/Data/MonoBleedingEdge/lib/mono/unityjit'
Mono config path = 'F:/Unity/2020.3.20f1/Editor/Data/MonoBleedingEdge/etc'
Using monoOptions --debugger-agent=transport=dt_socket,embedding=1,server=y,suspend=n,address=127.0.0.1:56992
Begin MonoManager ReloadAssembly
Registering precompiled unity dll's ...
Register platform support module: F:/Unity/2020.3.20f1/Editor/Data/PlaybackEngines/WindowsStandaloneSupport/UnityEditor.WindowsStandalone.Extensions.dll
Registered in 0.001729 seconds.
Native extension for WindowsStandalone target not found
Assets/Scenes/MallParts/Fruntiture/24-12-2021/Fruniture/Home Entertainment Center 3D Model/2716_open3dmodel/Centro de entretenimiento/Centro de entretenimiento.c4d: Unity no longer supports importing Cinema 4D files directly, but we're working with Maxon to make the experience better. To import Cinema 4D files, install Maxon's external importer. You can find more information on the Unity Forum: https://on.unity.com/c4d.

Please note that FBX files exported from Cinema4D are still supported.
Assets/Scenes/MallParts/Fruntiture/24-12-2021/hnflhbfx1wxs-tiretree/tire tree - копия/tire tree.c4d: Unity no longer supports importing Cinema 4D files directly, but we're working with Maxon to make the experience better. To import Cinema 4D files, install Maxon's external importer. You can find more information on the Unity Forum: https://on.unity.com/c4d.

Please note that FBX files exported from Cinema4D are still supported.
Assets/Scenes/MallParts/Fruntiture/28-polyester-masa-lambas/Polyester Masa Lambası-Free3D.c4d: Unity no longer supports importing Cinema 4D files directly, but we're working with Maxon to make the experience better. To import Cinema 4D files, install Maxon's external importer. You can find more information on the Unity Forum: https://on.unity.com/c4d.

Please note that FBX files exported from Cinema4D are still supported.
Assets/Scenes/MallParts/Fruntiture/24-12-2021/Watches/l6fdzqguketc-Handwatch/Handwatch.c4d: Unity no longer supports importing Cinema 4D files directly, but we're working with Maxon to make the experience better. To import Cinema 4D files, install Maxon's external importer. You can find more information on the Unity Forum: https://on.unity.com/c4d.

Please note that FBX files exported from Cinema4D are still supported.
Assets/Scenes/MallParts/Fruntiture/24-12-2021/Fruniture/Working Desk 3D Model/2725_open3dmodel/Desk.c4d: Unity no longer supports importing Cinema 4D files directly, but we're working with Maxon to make the experience better. To import Cinema 4D files, install Maxon's external importer. You can find more information on the Unity Forum: https://on.unity.com/c4d.

Please note that FBX files exported from Cinema4D are still supported.
Assets/Scenes/MallParts/Fruntiture/clothes/uploads_files_3012499_Nike_retro_Export/Nike retro_Export.c4d: Unity no longer supports importing Cinema 4D files directly, but we're working with Maxon to make the experience better. To import Cinema 4D files, install Maxon's external importer. You can find more information on the Unity Forum: https://on.unity.com/c4d.

Please note that FBX files exported from Cinema4D are still supported.
Assets/Scenes/MallParts/Fruntiture/24-12-2021/8mtejz264cjk-Tyre/Tyre/Шина.c4d: Unity no longer supports importing Cinema 4D files directly, but we're working with Maxon to make the experience better. To import Cinema 4D files, install Maxon's external importer. You can find more information on the Unity Forum: https://on.unity.com/c4d.

Please note that FBX files exported from Cinema4D are still supported.
Refreshing native plugins compatible for Editor in 259.94 ms, found 2 plugins.
Preloading 0 native plugins for Editor in 0.00 ms.
Mono: successfully reloaded assembly
- Completed reload, in  2.966 seconds
Domain Reload Profiling:
	ReloadAssembly (2966ms)
		BeginReloadAssembly (84ms)
			ExecutionOrderSort (0ms)
			DisableScriptedObjects (0ms)
			BackupInstance (0ms)
			ReleaseScriptingObjects (0ms)
			CreateAndSetChildDomain (1ms)
		EndReloadAssembly (939ms)
			LoadAssemblies (83ms)
			RebuildTransferFunctionScriptingTraits (0ms)
			SetupTypeCache (287ms)
			ReleaseScriptCaches (0ms)
			RebuildScriptCaches (54ms)
			SetupLoadedEditorAssemblies (481ms)
				LogAssemblyErrors (0ms)
				InitializePlatformSupportModulesInManaged (5ms)
				SetLoadedEditorAssemblies (0ms)
				RefreshPlugins (260ms)
				BeforeProcessingInitializeOnLoad (32ms)
				ProcessInitializeOnLoadAttributes (136ms)
				ProcessInitializeOnLoadMethodAttributes (48ms)
				AfterProcessingInitializeOnLoad (0ms)
				EditorAssembliesLoaded (0ms)
			ExecutionOrderSort2 (0ms)
			AwakeInstancesAfterBackupRestoration (0ms)
Platform modules already initialized, skipping
Registering precompiled user dll's ...
Registered in 0.022766 seconds.
Begin MonoManager ReloadAssembly
Native extension for WindowsStandalone target not found
Assets/Scenes/MallParts/Fruntiture/24-12-2021/Fruniture/Home Entertainment Center 3D Model/2716_open3dmodel/Centro de entretenimiento/Centro de entretenimiento.c4d: Unity no longer supports importing Cinema 4D files directly, but we're working with Maxon to make the experience better. To import Cinema 4D files, install Maxon's external importer. You can find more information on the Unity Forum: https://on.unity.com/c4d.

Please note that FBX files exported from Cinema4D are still supported.
Assets/Scenes/MallParts/Fruntiture/24-12-2021/hnflhbfx1wxs-tiretree/tire tree - копия/tire tree.c4d: Unity no longer supports importing Cinema 4D files directly, but we're working with Maxon to make the experience better. To import Cinema 4D files, install Maxon's external importer. You can find more information on the Unity Forum: https://on.unity.com/c4d.

Please note that FBX files exported from Cinema4D are still supported.
Assets/Scenes/MallParts/Fruntiture/28-polyester-masa-lambas/Polyester Masa Lambası-Free3D.c4d: Unity no longer supports importing Cinema 4D files directly, but we're working with Maxon to make the experience better. To import Cinema 4D files, install Maxon's external importer. You can find more information on the Unity Forum: https://on.unity.com/c4d.

Please note that FBX files exported from Cinema4D are still supported.
Assets/Scenes/MallParts/Fruntiture/24-12-2021/Watches/l6fdzqguketc-Handwatch/Handwatch.c4d: Unity no longer supports importing Cinema 4D files directly, but we're working with Maxon to make the experience better. To import Cinema 4D files, install Maxon's external importer. You can find more information on the Unity Forum: https://on.unity.com/c4d.

Please note that FBX files exported from Cinema4D are still supported.
Assets/Scenes/MallParts/Fruntiture/24-12-2021/Fruniture/Working Desk 3D Model/2725_open3dmodel/Desk.c4d: Unity no longer supports importing Cinema 4D files directly, but we're working with Maxon to make the experience better. To import Cinema 4D files, install Maxon's external importer. You can find more information on the Unity Forum: https://on.unity.com/c4d.

Please note that FBX files exported from Cinema4D are still supported.
Assets/Scenes/MallParts/Fruntiture/clothes/uploads_files_3012499_Nike_retro_Export/Nike retro_Export.c4d: Unity no longer supports importing Cinema 4D files directly, but we're working with Maxon to make the experience better. To import Cinema 4D files, install Maxon's external importer. You can find more information on the Unity Forum: https://on.unity.com/c4d.

Please note that FBX files exported from Cinema4D are still supported.
Assets/Scenes/MallParts/Fruntiture/24-12-2021/8mtejz264cjk-Tyre/Tyre/Шина.c4d: Unity no longer supports importing Cinema 4D files directly, but we're working with Maxon to make the experience better. To import Cinema 4D files, install Maxon's external importer. You can find more information on the Unity Forum: https://on.unity.com/c4d.

Please note that FBX files exported from Cinema4D are still supported.
Refreshing native plugins compatible for Editor in 234.05 ms, found 2 plugins.
Preloading 0 native plugins for Editor in 0.00 ms.
Mono: successfully reloaded assembly
- Completed reload, in  3.073 seconds
Domain Reload Profiling:
	ReloadAssembly (3074ms)
		BeginReloadAssembly (264ms)
			ExecutionOrderSort (0ms)
			DisableScriptedObjects (17ms)
			BackupInstance (0ms)
			ReleaseScriptingObjects (0ms)
			CreateAndSetChildDomain (27ms)
		EndReloadAssembly (2701ms)
			LoadAssemblies (196ms)
			RebuildTransferFunctionScriptingTraits (0ms)
			SetupTypeCache (631ms)
			ReleaseScriptCaches (1ms)
			RebuildScriptCaches (140ms)
			SetupLoadedEditorAssemblies (1413ms)
				LogAssemblyErrors (0ms)
				InitializePlatformSupportModulesInManaged (5ms)
				SetLoadedEditorAssemblies (1ms)
				RefreshPlugins (234ms)
				BeforeProcessingInitializeOnLoad (145ms)
				ProcessInitializeOnLoadAttributes (1005ms)
				ProcessInitializeOnLoadMethodAttributes (16ms)
				AfterProcessingInitializeOnLoad (5ms)
				EditorAssembliesLoaded (2ms)
			ExecutionOrderSort2 (0ms)
			AwakeInstancesAfterBackupRestoration (9ms)
Platform modules already initialized, skipping
Assets/Scenes/MallParts/Fruntiture/24-12-2021/Fruniture/Home Entertainment Center 3D Model/2716_open3dmodel/Centro de entretenimiento/Centro de entretenimiento.c4d: Unity no longer supports importing Cinema 4D files directly, but we're working with Maxon to make the experience better. To import Cinema 4D files, install Maxon's external importer. You can find more information on the Unity Forum: https://on.unity.com/c4d.

Please note that FBX files exported from Cinema4D are still supported.
Assets/Scenes/MallParts/Fruntiture/24-12-2021/hnflhbfx1wxs-tiretree/tire tree - копия/tire tree.c4d: Unity no longer supports importing Cinema 4D files directly, but we're working with Maxon to make the experience better. To import Cinema 4D files, install Maxon's external importer. You can find more information on the Unity Forum: https://on.unity.com/c4d.

Please note that FBX files exported from Cinema4D are still supported.
Assets/Scenes/MallParts/Fruntiture/28-polyester-masa-lambas/Polyester Masa Lambası-Free3D.c4d: Unity no longer supports importing Cinema 4D files directly, but we're working with Maxon to make the experience better. To import Cinema 4D files, install Maxon's external importer. You can find more information on the Unity Forum: https://on.unity.com/c4d.

Please note that FBX files exported from Cinema4D are still supported.
Assets/Scenes/MallParts/Fruntiture/24-12-2021/Watches/l6fdzqguketc-Handwatch/Handwatch.c4d: Unity no longer supports importing Cinema 4D files directly, but we're working with Maxon to make the experience better. To import Cinema 4D files, install Maxon's external importer. You can find more information on the Unity Forum: https://on.unity.com/c4d.

Please note that FBX files exported from Cinema4D are still supported.
Assets/Scenes/MallParts/Fruntiture/24-12-2021/Fruniture/Working Desk 3D Model/2725_open3dmodel/Desk.c4d: Unity no longer supports importing Cinema 4D files directly, but we're working with Maxon to make the experience better. To import Cinema 4D files, install Maxon's external importer. You can find more information on the Unity Forum: https://on.unity.com/c4d.

Please note that FBX files exported from Cinema4D are still supported.
Assets/Scenes/MallParts/Fruntiture/clothes/uploads_files_3012499_Nike_retro_Export/Nike retro_Export.c4d: Unity no longer supports importing Cinema 4D files directly, but we're working with Maxon to make the experience better. To import Cinema 4D files, install Maxon's external importer. You can find more information on the Unity Forum: https://on.unity.com/c4d.

Please note that FBX files exported from Cinema4D are still supported.
Assets/Scenes/MallParts/Fruntiture/24-12-2021/8mtejz264cjk-Tyre/Tyre/Шина.c4d: Unity no longer supports importing Cinema 4D files directly, but we're working with Maxon to make the experience better. To import Cinema 4D files, install Maxon's external importer. You can find more information on the Unity Forum: https://on.unity.com/c4d.

Please note that FBX files exported from Cinema4D are still supported.
========================================================================
Worker process is ready to serve import requests
Assets/Scenes/MallParts/Fruntiture/24-12-2021/Fruniture/Home Entertainment Center 3D Model/2716_open3dmodel/Centro de entretenimiento/Centro de entretenimiento.c4d: Unity no longer supports importing Cinema 4D files directly, but we're working with Maxon to make the experience better. To import Cinema 4D files, install Maxon's external importer. You can find more information on the Unity Forum: https://on.unity.com/c4d.

Please note that FBX files exported from Cinema4D are still supported.
Assets/Scenes/MallParts/Fruntiture/24-12-2021/hnflhbfx1wxs-tiretree/tire tree - копия/tire tree.c4d: Unity no longer supports importing Cinema 4D files directly, but we're working with Maxon to make the experience better. To import Cinema 4D files, install Maxon's external importer. You can find more information on the Unity Forum: https://on.unity.com/c4d.

Please note that FBX files exported from Cinema4D are still supported.
Assets/Scenes/MallParts/Fruntiture/28-polyester-masa-lambas/Polyester Masa Lambası-Free3D.c4d: Unity no longer supports importing Cinema 4D files directly, but we're working with Maxon to make the experience better. To import Cinema 4D files, install Maxon's external importer. You can find more information on the Unity Forum: https://on.unity.com/c4d.

Please note that FBX files exported from Cinema4D are still supported.
Assets/Scenes/MallParts/Fruntiture/24-12-2021/Watches/l6fdzqguketc-Handwatch/Handwatch.c4d: Unity no longer supports importing Cinema 4D files directly, but we're working with Maxon to make the experience better. To import Cinema 4D files, install Maxon's external importer. You can find more information on the Unity Forum: https://on.unity.com/c4d.

Please note that FBX files exported from Cinema4D are still supported.
Assets/Scenes/MallParts/Fruntiture/24-12-2021/Fruniture/Working Desk 3D Model/2725_open3dmodel/Desk.c4d: Unity no longer supports importing Cinema 4D files directly, but we're working with Maxon to make the experience better. To import Cinema 4D files, install Maxon's external importer. You can find more information on the Unity Forum: https://on.unity.com/c4d.

Please note that FBX files exported from Cinema4D are still supported.
Assets/Scenes/MallParts/Fruntiture/clothes/uploads_files_3012499_Nike_retro_Export/Nike retro_Export.c4d: Unity no longer supports importing Cinema 4D files directly, but we're working with Maxon to make the experience better. To import Cinema 4D files, install Maxon's external importer. You can find more information on the Unity Forum: https://on.unity.com/c4d.

Please note that FBX files exported from Cinema4D are still supported.
Assets/Scenes/MallParts/Fruntiture/24-12-2021/8mtejz264cjk-Tyre/Tyre/Шина.c4d: Unity no longer supports importing Cinema 4D files directly, but we're working with Maxon to make the experience better. To import Cinema 4D files, install Maxon's external importer. You can find more information on the Unity Forum: https://on.unity.com/c4d.

Please note that FBX files exported from Cinema4D are still supported.
Launched and connected shader compiler UnityShaderCompiler.exe after 0.14 seconds
Refreshing native plugins compatible for Editor in 2.85 ms, found 2 plugins.
Preloading 0 native plugins for Editor in 0.00 ms.
Unloading 3502 Unused Serialized files (Serialized files now loaded: 0)
System memory in use before: 161.9 MB.
System memory in use after: 161.0 MB.

Unloading 129 unused Assets to reduce memory usage. Loaded Objects now: 3895.
Total: 6.454100 ms (FindLiveObjects: 0.370400 ms CreateObjectMapping: 0.168300 ms MarkObjects: 4.974500 ms  DeleteObjects: 0.939000 ms)

AssetImportParameters requested are different than current active one (requested -> active):
  custom:framework-win-MediaFoundation: 216162199b28c13a410421893ffa2e32 -> 
  custom:video-decoder-ogg-theora: a1e56fd34408186e4bbccfd4996cb3dc -> 
  custom:container-muxer-webm: aa71ff27fc2769a1b78a27578f13a17b -> 
  custom:container-demuxer-webm: 4f35f7cbe854078d1ac9338744f61a02 -> 
  custom:container-demuxer-ogg: 62fdf1f143b41e24485cea50d1cbac27 -> 
  custom:video-encoder-webm-vp8: eb34c28f22e8b96e1ab97ce403110664 -> 
  custom:video-decoder-webm-vp8: 9c59270c3fd7afecdb556c50c9e8de78 -> 
  custom:audio-decoder-ogg-vorbis: bf7c407c2cedff20999df2af8eb42d56 -> 
  custom:audio-encoder-webm-vorbis: bf7c407c2cedff20999df2af8eb42d56 -> 
========================================================================
Received Import Request.
  path: Assets/Scenes/AllInOneScen.unity
  artifactKey: Guid(f11cfcaf1b0ad5545b46c03b02e53e5e) Importer(815301076,1909f56bfc062723c751e8b465ee728b)
Start importing Assets/Scenes/AllInOneScen.unity using Guid(f11cfcaf1b0ad5545b46c03b02e53e5e) Importer(815301076,1909f56bfc062723c751e8b465ee728b)  -> (artifact id: 'f22d5b3073259e0330f6da71cd85ed5c') in 0.048560 seconds 
  Import took 0.087939 seconds .

========================================================================
Received Import Request.
  Time since last request: 2836.931200 seconds.
  path: Assets/Scenes/MallParts/DetailsMenu/New/new/DetailsPanel Right.prefab
  artifactKey: Guid(cf1d4daa1fbeff944a027021e440ec68) Importer(815301076,1909f56bfc062723c751e8b465ee728b)
Start importing Assets/Scenes/MallParts/DetailsMenu/New/new/DetailsPanel Right.prefab using Guid(cf1d4daa1fbeff944a027021e440ec68) Importer(815301076,1909f56bfc062723c751e8b465ee728b)  -> (artifact id: 'c814b7bf2428a752c9cb9e426349ff9b') in 0.375126 seconds 
  Import took 0.427060 seconds .

========================================================================
Received Import Request.
  Time since last request: 10.088108 seconds.
  path: Assets/Scenes/MallParts/DetailsMenu/New/new/DetailsPanel Right.prefab
  artifactKey: Guid(cf1d4daa1fbeff944a027021e440ec68) Importer(815301076,1909f56bfc062723c751e8b465ee728b)
Start importing Assets/Scenes/MallParts/DetailsMenu/New/new/DetailsPanel Right.prefab using Guid(cf1d4daa1fbeff944a027021e440ec68) Importer(815301076,1909f56bfc062723c751e8b465ee728b)  -> (artifact id: '247ef5f9862ba5f3eb23e8f928074f20') in 0.154115 seconds 
  Import took 0.200655 seconds .

========================================================================
Received Import Request.
  Time since last request: 8.020754 seconds.
  path: Assets/Scenes/MallParts/DetailsMenu/New/new/DetailsPanel Right.prefab
  artifactKey: Guid(cf1d4daa1fbeff944a027021e440ec68) Importer(815301076,1909f56bfc062723c751e8b465ee728b)
Start importing Assets/Scenes/MallParts/DetailsMenu/New/new/DetailsPanel Right.prefab using Guid(cf1d4daa1fbeff944a027021e440ec68) Importer(815301076,1909f56bfc062723c751e8b465ee728b)  -> (artifact id: 'aff6703af8bd49561fea26091b11431d') in 0.198682 seconds 
  Import took 0.245555 seconds .

========================================================================
Received Import Request.
  Time since last request: 2.858674 seconds.
  path: Assets/Scenes/MallParts/DetailsMenu/New/new/DetailsPanel Right.prefab
  artifactKey: Guid(cf1d4daa1fbeff944a027021e440ec68) Importer(815301076,1909f56bfc062723c751e8b465ee728b)
Start importing Assets/Scenes/MallParts/DetailsMenu/New/new/DetailsPanel Right.prefab using Guid(cf1d4daa1fbeff944a027021e440ec68) Importer(815301076,1909f56bfc062723c751e8b465ee728b)  -> (artifact id: 'dc09af54e14139f5f17c1320d9289eda') in 0.205171 seconds 
  Import took 0.243611 seconds .

========================================================================
Received Import Request.
  Time since last request: 6.166289 seconds.
  path: Assets/Scenes/MallParts/DetailsMenu/New/new/DetailsPanel Right.prefab
  artifactKey: Guid(cf1d4daa1fbeff944a027021e440ec68) Importer(815301076,1909f56bfc062723c751e8b465ee728b)
Start importing Assets/Scenes/MallParts/DetailsMenu/New/new/DetailsPanel Right.prefab using Guid(cf1d4daa1fbeff944a027021e440ec68) Importer(815301076,1909f56bfc062723c751e8b465ee728b)  -> (artifact id: '7f2d436115a4d3fda0ec475759776398') in 0.112928 seconds 
  Import took 0.159368 seconds .

========================================================================
Received Import Request.
  Time since last request: 9.266335 seconds.
  path: Assets/Scenes/MallParts/DetailsMenu/New/new/DetailsPanel Right.prefab
  artifactKey: Guid(cf1d4daa1fbeff944a027021e440ec68) Importer(815301076,1909f56bfc062723c751e8b465ee728b)
Start importing Assets/Scenes/MallParts/DetailsMenu/New/new/DetailsPanel Right.prefab using Guid(cf1d4daa1fbeff944a027021e440ec68) Importer(815301076,1909f56bfc062723c751e8b465ee728b)  -> (artifact id: 'e9494d33f209572a8d98c1756e3d0302') in 0.128737 seconds 
  Import took 0.176461 seconds .

========================================================================
Received Import Request.
  Time since last request: 89.203023 seconds.
  path: Assets/Scenes/MallParts/DetailsMenu/New/new/DetailsPanel Right.prefab
  artifactKey: Guid(cf1d4daa1fbeff944a027021e440ec68) Importer(815301076,1909f56bfc062723c751e8b465ee728b)
Start importing Assets/Scenes/MallParts/DetailsMenu/New/new/DetailsPanel Right.prefab using Guid(cf1d4daa1fbeff944a027021e440ec68) Importer(815301076,1909f56bfc062723c751e8b465ee728b)  -> (artifact id: 'f522c116b5fb89b72bb8cb16c5ac3c57') in 0.083135 seconds 
  Import took 0.133891 seconds .

========================================================================
Received Import Request.
  Time since last request: 5.861830 seconds.
  path: Assets/Scenes/MallParts/DetailsMenu/New/new/DetailsPanel Right.prefab
  artifactKey: Guid(cf1d4daa1fbeff944a027021e440ec68) Importer(815301076,1909f56bfc062723c751e8b465ee728b)
Start importing Assets/Scenes/MallParts/DetailsMenu/New/new/DetailsPanel Right.prefab using Guid(cf1d4daa1fbeff944a027021e440ec68) Importer(815301076,1909f56bfc062723c751e8b465ee728b)  -> (artifact id: '948adc9ba6790338bad170f5e274dfc2') in 0.126761 seconds 
  Import took 0.174871 seconds .

========================================================================
Received Import Request.
  Time since last request: 8.572461 seconds.
  path: Assets/Scenes/MallParts/DetailsMenu/New/new/DetailsPanel Right.prefab
  artifactKey: Guid(cf1d4daa1fbeff944a027021e440ec68) Importer(815301076,1909f56bfc062723c751e8b465ee728b)
Start importing Assets/Scenes/MallParts/DetailsMenu/New/new/DetailsPanel Right.prefab using Guid(cf1d4daa1fbeff944a027021e440ec68) Importer(815301076,1909f56bfc062723c751e8b465ee728b)  -> (artifact id: '432bddcf04b506615c378004f45be4ac') in 0.091146 seconds 
  Import took 0.124286 seconds .

========================================================================
Received Import Request.
  Time since last request: 27.487466 seconds.
  path: Assets/Scenes/MallParts/DetailsMenu/New/new/DetailsPanel Right.prefab
  artifactKey: Guid(cf1d4daa1fbeff944a027021e440ec68) Importer(815301076,1909f56bfc062723c751e8b465ee728b)
Start importing Assets/Scenes/MallParts/DetailsMenu/New/new/DetailsPanel Right.prefab using Guid(cf1d4daa1fbeff944a027021e440ec68) Importer(815301076,1909f56bfc062723c751e8b465ee728b)  -> (artifact id: '3ceb12b802c741a22ddee3028da80335') in 0.104496 seconds 
  Import took 0.149112 seconds .

========================================================================
Received Import Request.
  Time since last request: 12.451808 seconds.
  path: Assets/Scenes/MallParts/DetailsMenu/New/new/DetailsPanel Right.prefab
  artifactKey: Guid(cf1d4daa1fbeff944a027021e440ec68) Importer(815301076,1909f56bfc062723c751e8b465ee728b)
Start importing Assets/Scenes/MallParts/DetailsMenu/New/new/DetailsPanel Right.prefab using Guid(cf1d4daa1fbeff944a027021e440ec68) Importer(815301076,1909f56bfc062723c751e8b465ee728b)  -> (artifact id: '1773b4c6d7942bd62b0f3fe5db1bb9b0') in 0.105863 seconds 
  Import took 0.152428 seconds .

========================================================================
Received Import Request.
  Time since last request: 7.112781 seconds.
  path: Assets/Scenes/MallParts/DetailsMenu/New/new/DetailsPanel Right.prefab
  artifactKey: Guid(cf1d4daa1fbeff944a027021e440ec68) Importer(815301076,1909f56bfc062723c751e8b465ee728b)
Start importing Assets/Scenes/MallParts/DetailsMenu/New/new/DetailsPanel Right.prefab using Guid(cf1d4daa1fbeff944a027021e440ec68) Importer(815301076,1909f56bfc062723c751e8b465ee728b)  -> (artifact id: '9a3f94b4fd3d325545b2b29d477652f5') in 0.150736 seconds 
  Import took 0.188179 seconds .

========================================================================
Received Import Request.
  Time since last request: 19.601145 seconds.
  path: Assets/Scenes/MallParts/DetailsMenu/New/new/DetailsPanel Right.prefab
  artifactKey: Guid(cf1d4daa1fbeff944a027021e440ec68) Importer(815301076,1909f56bfc062723c751e8b465ee728b)
Start importing Assets/Scenes/MallParts/DetailsMenu/New/new/DetailsPanel Right.prefab using Guid(cf1d4daa1fbeff944a027021e440ec68) Importer(815301076,1909f56bfc062723c751e8b465ee728b)  -> (artifact id: '4b6799135a3e7f97faeee8e1f79fb328') in 0.144470 seconds 
  Import took 0.232000 seconds .

========================================================================
Received Import Request.
  Time since last request: 2.539308 seconds.
  path: Assets/Scenes/MallParts/DetailsMenu/New/new/DetailsPanel Right.prefab
  artifactKey: Guid(cf1d4daa1fbeff944a027021e440ec68) Importer(815301076,1909f56bfc062723c751e8b465ee728b)
Start importing Assets/Scenes/MallParts/DetailsMenu/New/new/DetailsPanel Right.prefab using Guid(cf1d4daa1fbeff944a027021e440ec68) Importer(815301076,1909f56bfc062723c751e8b465ee728b)  -> (artifact id: 'a5424e5f57a59aa16179c4f50861e737') in 0.217233 seconds 
  Import took 0.263441 seconds .

========================================================================
Received Import Request.
  Time since last request: 1.715415 seconds.
  path: Assets/Scenes/MallParts/DetailsMenu/New/new/DetailsPanel Right.prefab
  artifactKey: Guid(cf1d4daa1fbeff944a027021e440ec68) Importer(815301076,1909f56bfc062723c751e8b465ee728b)
Start importing Assets/Scenes/MallParts/DetailsMenu/New/new/DetailsPanel Right.prefab using Guid(cf1d4daa1fbeff944a027021e440ec68) Importer(815301076,1909f56bfc062723c751e8b465ee728b)  -> (artifact id: 'e378c651525e3997de46af64029be6ef') in 0.103558 seconds 
  Import took 0.151349 seconds .

========================================================================
Received Import Request.
  Time since last request: 4.864595 seconds.
  path: Assets/Scenes/MallParts/DetailsMenu/New/new/DetailsPanel Right.prefab
  artifactKey: Guid(cf1d4daa1fbeff944a027021e440ec68) Importer(815301076,1909f56bfc062723c751e8b465ee728b)
Start importing Assets/Scenes/MallParts/DetailsMenu/New/new/DetailsPanel Right.prefab using Guid(cf1d4daa1fbeff944a027021e440ec68) Importer(815301076,1909f56bfc062723c751e8b465ee728b)  -> (artifact id: '36724495d0f8d05debc15ff8c26009c9') in 0.108071 seconds 
  Import took 0.152266 seconds .

========================================================================
Received Import Request.
  Time since last request: 2.554670 seconds.
  path: Assets/Scenes/MallParts/DetailsMenu/New/new/DetailsPanel Right.prefab
  artifactKey: Guid(cf1d4daa1fbeff944a027021e440ec68) Importer(815301076,1909f56bfc062723c751e8b465ee728b)
Start importing Assets/Scenes/MallParts/DetailsMenu/New/new/DetailsPanel Right.prefab using Guid(cf1d4daa1fbeff944a027021e440ec68) Importer(815301076,1909f56bfc062723c751e8b465ee728b)  -> (artifact id: '8f32cb4ec6a3913169429658fcab2bfb') in 0.120143 seconds 
  Import took 0.155228 seconds .

========================================================================
Received Import Request.
  Time since last request: 10.090702 seconds.
  path: Assets/Scenes/MallParts/DetailsMenu/New/new/DetailsPanel Right.prefab
  artifactKey: Guid(cf1d4daa1fbeff944a027021e440ec68) Importer(815301076,1909f56bfc062723c751e8b465ee728b)
Start importing Assets/Scenes/MallParts/DetailsMenu/New/new/DetailsPanel Right.prefab using Guid(cf1d4daa1fbeff944a027021e440ec68) Importer(815301076,1909f56bfc062723c751e8b465ee728b)  -> (artifact id: '508bbb04c144a5236e045a60a4065e3e') in 0.125170 seconds 
  Import took 0.187070 seconds .

========================================================================
Received Import Request.
  Time since last request: 0.538568 seconds.
  path: Assets/Scenes/MallParts/DetailsMenu/New/new/DetailsPanel Right.prefab
  artifactKey: Guid(cf1d4daa1fbeff944a027021e440ec68) Importer(815301076,1909f56bfc062723c751e8b465ee728b)
Start importing Assets/Scenes/MallParts/DetailsMenu/New/new/DetailsPanel Right.prefab using Guid(cf1d4daa1fbeff944a027021e440ec68) Importer(815301076,1909f56bfc062723c751e8b465ee728b)  -> (artifact id: '28984d3bc0cec4074eada124af50ff99') in 0.183222 seconds 
  Import took 0.206272 seconds .

========================================================================
Received Import Request.
  Time since last request: 5.241097 seconds.
  path: Assets/Scenes/MallParts/DetailsMenu/New/new/DetailsPanel Right.prefab
  artifactKey: Guid(cf1d4daa1fbeff944a027021e440ec68) Importer(815301076,1909f56bfc062723c751e8b465ee728b)
Start importing Assets/Scenes/MallParts/DetailsMenu/New/new/DetailsPanel Right.prefab using Guid(cf1d4daa1fbeff944a027021e440ec68) Importer(815301076,1909f56bfc062723c751e8b465ee728b)  -> (artifact id: '248545763c22dfc9f121d9d38c69c912') in 0.083649 seconds 
  Import took 0.097824 seconds .

========================================================================
Received Import Request.
  Time since last request: 13.184204 seconds.
  path: Assets/Scenes/MallParts/DetailsMenu/New/new/DetailsPanel Right.prefab
  artifactKey: Guid(cf1d4daa1fbeff944a027021e440ec68) Importer(815301076,1909f56bfc062723c751e8b465ee728b)
Start importing Assets/Scenes/MallParts/DetailsMenu/New/new/DetailsPanel Right.prefab using Guid(cf1d4daa1fbeff944a027021e440ec68) Importer(815301076,1909f56bfc062723c751e8b465ee728b)  -> (artifact id: 'fa8d9bae1893dbcdf79d985ee01a9d62') in 0.150887 seconds 
  Import took 0.215486 seconds .

========================================================================
Received Import Request.
  Time since last request: 0.783114 seconds.
  path: Assets/Scenes/MallParts/DetailsMenu/New/new/DetailsPanel Right.prefab
  artifactKey: Guid(cf1d4daa1fbeff944a027021e440ec68) Importer(815301076,1909f56bfc062723c751e8b465ee728b)
Start importing Assets/Scenes/MallParts/DetailsMenu/New/new/DetailsPanel Right.prefab using Guid(cf1d4daa1fbeff944a027021e440ec68) Importer(815301076,1909f56bfc062723c751e8b465ee728b)  -> (artifact id: '7e2857bf20cb9da2a84aff747c0885f4') in 0.157718 seconds 
  Import took 0.189022 seconds .

========================================================================
Received Import Request.
  Time since last request: 5.655929 seconds.
  path: Assets/Scenes/MallParts/DetailsMenu/New/new/DetailsPanel Right.prefab
  artifactKey: Guid(cf1d4daa1fbeff944a027021e440ec68) Importer(815301076,1909f56bfc062723c751e8b465ee728b)
Start importing Assets/Scenes/MallParts/DetailsMenu/New/new/DetailsPanel Right.prefab using Guid(cf1d4daa1fbeff944a027021e440ec68) Importer(815301076,1909f56bfc062723c751e8b465ee728b)  -> (artifact id: '03f660da9d23e773d34be007453fc2fa') in 0.085602 seconds 
  Import took 0.122068 seconds .

========================================================================
Received Import Request.
  Time since last request: 8.052503 seconds.
  path: Assets/Scenes/MallParts/DetailsMenu/New/new/DetailsPanel Right.prefab
  artifactKey: Guid(cf1d4daa1fbeff944a027021e440ec68) Importer(815301076,1909f56bfc062723c751e8b465ee728b)
Start importing Assets/Scenes/MallParts/DetailsMenu/New/new/DetailsPanel Right.prefab using Guid(cf1d4daa1fbeff944a027021e440ec68) Importer(815301076,1909f56bfc062723c751e8b465ee728b)  -> (artifact id: '38cd9c7389cf5074e3ff43ef393c2752') in 0.137461 seconds 
  Import took 0.176212 seconds .

========================================================================
Received Import Request.
  Time since last request: 0.950948 seconds.
  path: Assets/Scenes/MallParts/DetailsMenu/New/new/DetailsPanel Right.prefab
  artifactKey: Guid(cf1d4daa1fbeff944a027021e440ec68) Importer(815301076,1909f56bfc062723c751e8b465ee728b)
Start importing Assets/Scenes/MallParts/DetailsMenu/New/new/DetailsPanel Right.prefab using Guid(cf1d4daa1fbeff944a027021e440ec68) Importer(815301076,1909f56bfc062723c751e8b465ee728b)  -> (artifact id: '4519869663fe7f9358a154d2ab57e467') in 0.122019 seconds 
  Import took 0.237757 seconds .

========================================================================
Received Import Request.
  Time since last request: 3.346072 seconds.
  path: Assets/Scenes/MallParts/DetailsMenu/New/new/DetailsPanel Right.prefab
  artifactKey: Guid(cf1d4daa1fbeff944a027021e440ec68) Importer(815301076,1909f56bfc062723c751e8b465ee728b)
Start importing Assets/Scenes/MallParts/DetailsMenu/New/new/DetailsPanel Right.prefab using Guid(cf1d4daa1fbeff944a027021e440ec68) Importer(815301076,1909f56bfc062723c751e8b465ee728b)  -> (artifact id: '11b461e2666e91011aa1a9559bca9ba2') in 0.140971 seconds 
  Import took 0.213909 seconds .

========================================================================
Received Import Request.
  Time since last request: 9.494781 seconds.
  path: Assets/Scenes/MallParts/DetailsMenu/New/new/DetailsPanel Right.prefab
  artifactKey: Guid(cf1d4daa1fbeff944a027021e440ec68) Importer(815301076,1909f56bfc062723c751e8b465ee728b)
Start importing Assets/Scenes/MallParts/DetailsMenu/New/new/DetailsPanel Right.prefab using Guid(cf1d4daa1fbeff944a027021e440ec68) Importer(815301076,1909f56bfc062723c751e8b465ee728b)  -> (artifact id: 'bc68112cfa7b0b5f442ec513301fa4c7') in 0.123814 seconds 
  Import took 0.156153 seconds .

========================================================================
Received Import Request.
  Time since last request: 4.772321 seconds.
  path: Assets/Scenes/MallParts/DetailsMenu/New/new/DetailsPanel Right.prefab
  artifactKey: Guid(cf1d4daa1fbeff944a027021e440ec68) Importer(815301076,1909f56bfc062723c751e8b465ee728b)
Start importing Assets/Scenes/MallParts/DetailsMenu/New/new/DetailsPanel Right.prefab using Guid(cf1d4daa1fbeff944a027021e440ec68) Importer(815301076,1909f56bfc062723c751e8b465ee728b)  -> (artifact id: '9b9c8603fbd6e631634977ab0d8a33a7') in 0.145328 seconds 
  Import took 0.196118 seconds .

========================================================================
Received Import Request.
  Time since last request: 7.463009 seconds.
  path: Assets/Scenes/MallParts/DetailsMenu/New/new/DetailsPanel Right.prefab
  artifactKey: Guid(cf1d4daa1fbeff944a027021e440ec68) Importer(815301076,1909f56bfc062723c751e8b465ee728b)
Start importing Assets/Scenes/MallParts/DetailsMenu/New/new/DetailsPanel Right.prefab using Guid(cf1d4daa1fbeff944a027021e440ec68) Importer(815301076,1909f56bfc062723c751e8b465ee728b)  -> (artifact id: '92f89641f1a721b3f754822945d823e0') in 0.175722 seconds 
  Import took 0.230782 seconds .

